21.11.2018,00:00:46,0.0128,3.66
21.11.2018,00:01:46,0.0294,3.68
21.11.2018,00:02:46,0.0461,3.67
21.11.2018,00:03:46,0.0628,3.65
21.11.2018,00:04:46,0.0794,3.64
21.11.2018,00:05:46,0.0961,3.63
21.11.2018,00:06:46,0.1128,3.63
21.11.2018,00:07:46,0.1294,3.64
21.11.2018,00:08:46,0.1461,3.6
21.11.2018,00:09:46,0.1628,3.58
21.11.2018,00:10:46,0.1794,3.56
21.11.2018,00:11:46,0.1961,3.56
21.11.2018,00:12:46,0.2128,3.6
21.11.2018,00:13:46,0.2294,3.58
21.11.2018,00:14:46,0.2461,3.57
21.11.2018,00:15:46,0.2628,3.56
21.11.2018,00:16:46,0.2794,3.52
21.11.2018,00:17:46,0.2961,3.49
21.11.2018,00:18:46,0.3128,3.48
21.11.2018,00:19:46,0.3294,3.46
21.11.2018,00:20:46,0.3461,3.44
21.11.2018,00:21:46,0.3628,3.45
21.11.2018,00:22:46,0.3794,3.5
21.11.2018,00:23:46,0.3961,3.51
21.11.2018,00:24:46,0.4128,3.5
21.11.2018,00:25:46,0.4294,3.48
21.11.2018,00:26:46,0.4461,3.48
21.11.2018,00:27:46,0.4628,3.48
21.11.2018,00:28:46,0.4794,3.48
21.11.2018,00:29:46,0.4961,3.47
21.11.2018,00:30:46,0.5128,3.46
21.11.2018,00:31:46,0.5294,3.46
21.11.2018,00:32:46,0.5461,3.45
21.11.2018,00:33:46,0.5628,3.44
21.11.2018,00:34:46,0.5794,3.39
21.11.2018,00:35:46,0.5961,3.43
21.11.2018,00:36:46,0.6128,3.44
21.11.2018,00:37:46,0.6294,3.42
21.11.2018,00:38:46,0.6461,3.41
21.11.2018,00:39:46,0.6628,3.42
21.11.2018,00:40:46,0.6794,3.43
21.11.2018,00:41:46,0.6961,3.42
21.11.2018,00:42:46,0.7128,3.48
21.11.2018,00:43:46,0.7294,3.45
21.11.2018,00:44:46,0.7461,3.43
21.11.2018,00:45:46,0.7628,3.41
21.11.2018,00:46:46,0.7794,3.39
21.11.2018,00:47:46,0.7961,3.41
21.11.2018,00:48:46,0.8128,3.41
21.11.2018,00:49:46,0.8294,3.44
21.11.2018,00:50:46,0.8461,3.43
21.11.2018,00:51:46,0.8628,3.41
21.11.2018,00:52:46,0.8794,3.38
21.11.2018,00:53:46,0.8961,3.38
21.11.2018,00:54:46,0.9128,3.42
21.11.2018,00:55:46,0.9294,3.41
21.11.2018,00:56:46,0.9461,3.39
21.11.2018,00:57:46,0.9628,3.42
21.11.2018,00:58:46,0.9794,3.44
21.11.2018,00:59:46,0.9961,3.43
21.11.2018,01:00:46,1.0128,3.44
21.11.2018,01:01:46,1.0294,3.43
21.11.2018,01:02:46,1.0461,3.39
21.11.2018,01:03:46,1.0628,3.43
21.11.2018,01:04:46,1.0794,3.46
21.11.2018,01:05:46,1.0961,3.44
21.11.2018,01:06:46,1.1128,3.45
21.11.2018,01:07:46,1.1294,3.41
21.11.2018,01:08:46,1.1461,3.42
21.11.2018,01:09:46,1.1628,3.44
21.11.2018,01:10:46,1.1794,3.42
21.11.2018,01:11:46,1.1961,3.38
21.11.2018,01:12:46,1.2128,3.37
21.11.2018,01:13:46,1.2294,3.34
21.11.2018,01:14:46,1.2461,3.34
21.11.2018,01:15:46,1.2628,3.36
21.11.2018,01:16:46,1.2794,3.44
21.11.2018,01:17:46,1.2961,3.46
21.11.2018,01:18:46,1.3128,3.46
21.11.2018,01:19:46,1.3294,3.44
21.11.2018,01:20:46,1.3461,3.42
21.11.2018,01:21:46,1.3628,3.39
21.11.2018,01:22:46,1.3794,3.37
21.11.2018,01:23:46,1.3961,3.37
21.11.2018,01:24:46,1.4128,3.44
21.11.2018,01:25:46,1.4294,3.48
21.11.2018,01:26:46,1.4461,3.49
21.11.2018,01:27:46,1.4628,3.52
21.11.2018,01:28:46,1.4794,3.48
21.11.2018,01:29:46,1.4961,3.43
21.11.2018,01:30:46,1.5128,3.39
21.11.2018,01:31:46,1.5294,3.38
21.11.2018,01:32:46,1.5461,3.34
21.11.2018,01:33:46,1.5628,3.31
21.11.2018,01:34:46,1.5794,3.32
21.11.2018,01:35:46,1.5961,3.32
21.11.2018,01:36:46,1.6128,3.35
21.11.2018,01:37:46,1.6294,3.33
21.11.2018,01:38:46,1.6461,3.32
21.11.2018,01:39:46,1.6628,3.29
21.11.2018,01:40:46,1.6794,3.31
21.11.2018,01:41:46,1.6961,3.32
21.11.2018,01:42:46,1.7128,3.32
21.11.2018,01:43:46,1.7294,3.32
21.11.2018,01:44:46,1.7461,3.32
21.11.2018,01:45:46,1.7628,3.31
21.11.2018,01:46:46,1.7794,3.28
21.11.2018,01:47:46,1.7961,3.25
21.11.2018,01:48:46,1.8128,3.3
21.11.2018,01:49:46,1.8294,3.39
21.11.2018,01:50:46,1.8461,3.62
21.11.2018,01:51:46,1.8628,3.6
21.11.2018,01:52:46,1.8794,3.67
21.11.2018,01:53:46,1.8961,3.58
21.11.2018,01:54:46,1.9128,3.48
21.11.2018,01:55:46,1.9294,3.38
21.11.2018,01:56:46,1.9461,3.31
21.11.2018,01:57:46,1.9628,3.25
21.11.2018,01:58:46,1.9794,3.24
21.11.2018,01:59:46,1.9961,3.19
21.11.2018,02:00:46,2.0128,3.16
21.11.2018,02:01:46,2.0294,3.22
21.11.2018,02:02:46,2.0461,3.24
21.11.2018,02:03:46,2.0628,3.24
21.11.2018,02:04:46,2.0794,3.29
21.11.2018,02:05:46,2.0961,3.3
21.11.2018,02:06:46,2.1128,3.21
21.11.2018,02:07:46,2.1294,3.17
21.11.2018,02:08:46,2.1461,3.15
21.11.2018,02:09:46,2.1628,3.13
21.11.2018,02:10:46,2.1794,3.12
21.11.2018,02:11:46,2.1961,3.11
21.11.2018,02:12:46,2.2128,3.12
21.11.2018,02:13:46,2.2294,3.1
21.11.2018,02:14:46,2.2461,3.08
21.11.2018,02:15:46,2.2628,3.04
21.11.2018,02:16:46,2.2794,3.06
21.11.2018,02:17:46,2.2961,3.1
21.11.2018,02:18:46,2.3128,3.09
21.11.2018,02:19:46,2.3294,3.1
21.11.2018,02:20:46,2.3461,3.08
21.11.2018,02:21:46,2.3628,3.06
21.11.2018,02:22:46,2.3794,3.05
21.11.2018,02:23:46,2.3961,3.09
21.11.2018,02:24:46,2.4128,3.09
21.11.2018,02:25:46,2.4294,3.1
21.11.2018,02:26:46,2.4461,3.16
21.11.2018,02:27:46,2.4628,3.18
21.11.2018,02:28:46,2.4794,3.14
21.11.2018,02:29:46,2.4961,3.12
21.11.2018,02:30:46,2.5128,3.1
21.11.2018,02:31:46,2.5294,3.08
21.11.2018,02:32:46,2.5461,3.08
21.11.2018,02:33:46,2.5628,3.06
21.11.2018,02:34:46,2.5794,3.04
21.11.2018,02:35:46,2.5961,3.04
21.11.2018,02:36:46,2.6128,3.05
21.11.2018,02:37:46,2.6294,3.1
21.11.2018,02:38:46,2.6461,3.12
21.11.2018,02:39:46,2.6628,3.09
21.11.2018,02:40:46,2.6794,3.07
21.11.2018,02:41:46,2.6961,3.08
21.11.2018,02:42:46,2.7128,3.18
21.11.2018,02:43:46,2.7294,3.19
21.11.2018,02:44:46,2.7461,3.18
21.11.2018,02:45:46,2.7628,3.14
21.11.2018,02:46:46,2.7794,3.1
21.11.2018,02:47:46,2.7961,3.12
21.11.2018,02:48:46,2.8128,3.12
21.11.2018,02:49:46,2.8294,3.11
21.11.2018,02:50:46,2.8461,3.08
21.11.2018,02:51:46,2.8628,3.07
21.11.2018,02:52:46,2.8794,3.06
21.11.2018,02:53:46,2.8961,3.05
21.11.2018,02:54:46,2.9128,3.07
21.11.2018,02:55:46,2.9294,3.07
21.11.2018,02:56:46,2.9461,3.06
21.11.2018,02:57:46,2.9628,3.06
21.11.2018,02:58:46,2.9794,3.04
21.11.2018,02:59:46,2.9961,3.04
21.11.2018,03:00:46,3.0128,3.04
21.11.2018,03:01:46,3.0294,3.04
21.11.2018,03:02:46,3.0461,3.02
21.11.2018,03:03:46,3.0628,3.02
21.11.2018,03:04:46,3.0794,3.03
21.11.2018,03:05:46,3.0961,3.06
21.11.2018,03:06:46,3.1128,3.08
21.11.2018,03:07:46,3.1294,3.08
21.11.2018,03:08:46,3.1461,3.08
21.11.2018,03:09:46,3.1628,3.06
21.11.2018,03:10:46,3.1794,3.04
21.11.2018,03:11:46,3.1961,3.06
21.11.2018,03:12:46,3.2128,3.08
21.11.2018,03:13:46,3.2294,3.06
21.11.2018,03:14:46,3.2461,3.07
21.11.2018,03:15:46,3.2628,3.04
21.11.2018,03:16:46,3.2794,3.14
21.11.2018,03:17:46,3.2961,3.24
21.11.2018,03:18:46,3.3128,3.2
21.11.2018,03:19:46,3.3294,3.2
21.11.2018,03:20:46,3.3461,3.2
21.11.2018,03:21:46,3.3628,3.19
21.11.2018,03:22:46,3.3794,3.15
21.11.2018,03:23:46,3.3961,3.1
21.11.2018,03:24:46,3.4128,3.09
21.11.2018,03:25:46,3.4294,3.1
21.11.2018,03:26:46,3.4461,3.11
21.11.2018,03:27:46,3.4628,3.12
21.11.2018,03:28:46,3.4794,3.13
21.11.2018,03:29:46,3.4961,3.13
21.11.2018,03:30:46,3.5128,3.12
21.11.2018,03:31:46,3.5294,3.1
21.11.2018,03:32:46,3.5461,3.06
21.11.2018,03:33:46,3.5628,3.04
21.11.2018,03:34:46,3.5794,3.08
21.11.2018,03:35:46,3.5961,3.04
21.11.2018,03:36:46,3.6128,3.04
21.11.2018,03:37:46,3.6294,3.07
21.11.2018,03:38:46,3.6461,3.11
21.11.2018,03:39:46,3.6628,3.17
21.11.2018,03:40:46,3.6794,3.16
21.11.2018,03:41:46,3.6961,3.16
21.11.2018,03:42:46,3.7128,3.16
21.11.2018,03:43:46,3.7294,3.12
21.11.2018,03:44:46,3.7461,3.12
21.11.2018,03:45:46,3.7628,3.16
21.11.2018,03:46:46,3.7794,3.15
21.11.2018,03:47:46,3.7961,3.14
21.11.2018,03:48:46,3.8128,3.12
21.11.2018,03:49:46,3.8294,3.09
21.11.2018,03:50:46,3.8461,3.11
21.11.2018,03:51:46,3.8628,3.16
21.11.2018,03:52:46,3.8794,3.16
21.11.2018,03:53:46,3.8961,3.14
21.11.2018,03:54:46,3.9128,3.09
21.11.2018,03:55:46,3.9294,3.05
21.11.2018,03:56:46,3.9461,3.03
21.11.2018,03:57:46,3.9628,3.04
21.11.2018,03:58:46,3.9794,3.05
21.11.2018,03:59:46,3.9961,3.1
21.11.2018,04:00:46,4.0128,3.09
21.11.2018,04:01:46,4.0294,3.04
21.11.2018,04:02:46,4.0461,3.04
21.11.2018,04:03:46,4.0628,3.03
21.11.2018,04:04:46,4.0794,3.04
21.11.2018,04:05:46,4.0961,3.04
21.11.2018,04:06:46,4.1128,3.02
21.11.2018,04:07:46,4.1294,3.02
21.11.2018,04:08:46,4.1461,3.
21.11.2018,04:09:46,4.1628,2.99
21.11.2018,04:10:46,4.1794,3.
21.11.2018,04:11:46,4.1961,3.
21.11.2018,04:12:46,4.2128,2.99
21.11.2018,04:13:46,4.2294,2.97
21.11.2018,04:14:46,4.2461,2.96
21.11.2018,04:15:46,4.2628,2.99
21.11.2018,04:16:46,4.2794,2.99
21.11.2018,04:17:46,4.2961,3.02
21.11.2018,04:18:46,4.3128,3.06
21.11.2018,04:19:46,4.3294,3.02
21.11.2018,04:20:46,4.3461,2.99
21.11.2018,04:21:46,4.3628,2.96
21.11.2018,04:22:46,4.3794,2.9
21.11.2018,04:23:46,4.3961,2.85
21.11.2018,04:24:46,4.4128,2.81
21.11.2018,04:25:46,4.4294,2.77
21.11.2018,04:26:46,4.4461,2.74
21.11.2018,04:27:46,4.4628,2.7
21.11.2018,04:28:46,4.4794,2.68
21.11.2018,04:29:46,4.4961,2.67
21.11.2018,04:30:46,4.5128,2.65
21.11.2018,04:31:46,4.5294,2.64
21.11.2018,04:32:46,4.5461,2.61
21.11.2018,04:33:46,4.5628,2.61
21.11.2018,04:34:46,4.5794,2.59
21.11.2018,04:35:46,4.5961,2.56
21.11.2018,04:36:46,4.6128,2.55
21.11.2018,04:37:46,4.6294,2.55
21.11.2018,04:38:46,4.6461,2.53
21.11.2018,04:39:46,4.6628,2.52
21.11.2018,04:40:46,4.6794,2.52
21.11.2018,04:41:46,4.6961,2.48
21.11.2018,04:42:46,4.7128,2.45
21.11.2018,04:43:46,4.7294,2.42
21.11.2018,04:44:46,4.7461,2.39
21.11.2018,04:45:46,4.7628,2.4
21.11.2018,04:46:46,4.7794,2.39
21.11.2018,04:47:46,4.7961,2.36
21.11.2018,04:48:46,4.8128,2.34
21.11.2018,04:49:46,4.8294,2.3
21.11.2018,04:50:46,4.8461,2.28
21.11.2018,04:51:46,4.8628,2.3
21.11.2018,04:52:46,4.8794,2.37
21.11.2018,04:53:46,4.8961,2.44
21.11.2018,04:54:46,4.9128,2.46
21.11.2018,04:55:46,4.9294,2.49
21.11.2018,04:56:46,4.9461,2.48
21.11.2018,04:57:46,4.9628,2.59
21.11.2018,04:58:46,4.9794,2.72
21.11.2018,04:59:46,4.9961,2.67
21.11.2018,05:00:46,5.0128,2.63
21.11.2018,05:01:46,5.0294,2.59
21.11.2018,05:02:46,5.0461,2.56
21.11.2018,05:03:46,5.0628,2.5
21.11.2018,05:04:46,5.0794,2.47
21.11.2018,05:05:46,5.0961,2.53
21.11.2018,05:06:46,5.1128,2.61
21.11.2018,05:07:46,5.1294,2.57
21.11.2018,05:08:46,5.1461,2.55
21.11.2018,05:09:46,5.1628,2.55
21.11.2018,05:10:46,5.1794,2.54
21.11.2018,05:11:46,5.1961,2.61
21.11.2018,05:12:46,5.2128,2.65
21.11.2018,05:13:46,5.2294,2.67
21.11.2018,05:14:46,5.2461,2.74
21.11.2018,05:15:46,5.2628,2.78
21.11.2018,05:16:46,5.2794,2.79
21.11.2018,05:17:46,5.2961,2.83
21.11.2018,05:18:46,5.3128,2.8
21.11.2018,05:19:46,5.3294,2.81
21.11.2018,05:20:46,5.3461,2.83
21.11.2018,05:21:46,5.3628,2.77
21.11.2018,05:22:46,5.3794,2.85
21.11.2018,05:23:46,5.3961,2.81
21.11.2018,05:24:46,5.4128,2.75
21.11.2018,05:25:46,5.4294,2.68
21.11.2018,05:26:46,5.4461,2.68
21.11.2018,05:27:46,5.4628,2.65
21.11.2018,05:28:46,5.4794,2.65
21.11.2018,05:29:46,5.4961,2.67
21.11.2018,05:30:46,5.5128,2.67
21.11.2018,05:31:46,5.5294,2.73
21.11.2018,05:32:46,5.5461,2.74
21.11.2018,05:33:46,5.5628,2.78
21.11.2018,05:34:46,5.5794,2.81
21.11.2018,05:35:46,5.5961,2.82
21.11.2018,05:36:46,5.6128,2.88
21.11.2018,05:37:46,5.6294,2.89
21.11.2018,05:38:46,5.6461,2.88
21.11.2018,05:39:46,5.6628,2.86
21.11.2018,05:40:46,5.6794,2.81
21.11.2018,05:41:46,5.6961,2.8
21.11.2018,05:42:46,5.7128,2.79
21.11.2018,05:43:46,5.7294,2.76
21.11.2018,05:44:46,5.7461,2.73
21.11.2018,05:45:46,5.7628,2.72
21.11.2018,05:46:46,5.7794,2.7
21.11.2018,05:47:46,5.7961,2.67
21.11.2018,05:48:46,5.8128,2.62
21.11.2018,05:49:46,5.8294,2.62
21.11.2018,05:50:46,5.8461,2.57
21.11.2018,05:51:46,5.8628,2.59
21.11.2018,05:52:46,5.8794,2.57
21.11.2018,05:53:46,5.8961,2.56
21.11.2018,05:54:46,5.9128,2.54
21.11.2018,05:55:46,5.9294,2.52
21.11.2018,05:56:46,5.9461,2.47
21.11.2018,05:57:46,5.9628,2.45
21.11.2018,05:58:46,5.9794,2.41
21.11.2018,05:59:46,5.9961,2.37
21.11.2018,06:00:46,6.0128,2.36
21.11.2018,06:01:46,6.0294,2.37
21.11.2018,06:02:46,6.0461,2.36
21.11.2018,06:03:46,6.0628,2.37
21.11.2018,06:04:46,6.0794,2.39
21.11.2018,06:05:46,6.0961,2.41
21.11.2018,06:06:46,6.1128,2.42
21.11.2018,06:07:46,6.1294,2.41
21.11.2018,06:08:46,6.1461,2.4
21.11.2018,06:09:46,6.1628,2.37
21.11.2018,06:10:46,6.1794,2.35
21.11.2018,06:11:46,6.1961,2.34
21.11.2018,06:12:46,6.2128,2.31
21.11.2018,06:13:46,6.2294,2.28
21.11.2018,06:14:46,6.2461,2.25
21.11.2018,06:15:46,6.2628,2.22
21.11.2018,06:16:46,6.2794,2.15
21.11.2018,06:17:46,6.2961,2.12
21.11.2018,06:18:46,6.3128,2.16
21.11.2018,06:19:46,6.3294,2.17
21.11.2018,06:20:46,6.3461,2.16
21.11.2018,06:21:46,6.3628,2.17
21.11.2018,06:22:46,6.3794,2.2
21.11.2018,06:23:46,6.3961,2.21
21.11.2018,06:24:46,6.4128,2.17
21.11.2018,06:25:46,6.4294,2.24
21.11.2018,06:26:46,6.4461,2.25
21.11.2018,06:27:46,6.4628,2.22
21.11.2018,06:28:46,6.4794,2.17
21.11.2018,06:29:46,6.4961,2.09
21.11.2018,06:30:46,6.5128,2.03
21.11.2018,06:31:46,6.5294,2.01
21.11.2018,06:32:46,6.5461,1.94
21.11.2018,06:33:46,6.5628,1.89
21.11.2018,06:34:46,6.5794,1.82
21.11.2018,06:35:46,6.5961,1.78
21.11.2018,06:36:46,6.6128,1.76
21.11.2018,06:37:46,6.6294,1.86
21.11.2018,06:38:46,6.6461,1.89
21.11.2018,06:39:46,6.6628,1.87
21.11.2018,06:40:46,6.6794,1.82
21.11.2018,06:41:46,6.6961,1.78
21.11.2018,06:42:46,6.7128,1.71
21.11.2018,06:43:46,6.7294,1.61
21.11.2018,06:44:46,6.7461,1.55
21.11.2018,06:45:46,6.7628,1.51
21.11.2018,06:46:46,6.7794,1.49
21.11.2018,06:47:46,6.7961,1.48
21.11.2018,06:48:46,6.8128,1.47
21.11.2018,06:49:46,6.8294,1.48
21.11.2018,06:50:46,6.8461,1.46
21.11.2018,06:51:46,6.8628,1.39
21.11.2018,06:52:46,6.8794,1.35
21.11.2018,06:53:46,6.8961,1.33
21.11.2018,06:54:46,6.9128,1.29
21.11.2018,06:55:46,6.9294,1.25
21.11.2018,06:56:46,6.9461,1.26
21.11.2018,06:57:46,6.9628,1.23
21.11.2018,06:58:46,6.9794,1.16
21.11.2018,06:59:46,6.9961,1.11
21.11.2018,07:00:46,7.0128,1.07
21.11.2018,07:01:46,7.0294,1.03
21.11.2018,07:02:46,7.0461,1.
21.11.2018,07:03:46,7.0628,0.98
21.11.2018,07:04:46,7.0794,0.96
21.11.2018,07:05:46,7.0961,0.96
21.11.2018,07:06:46,7.1128,0.95
21.11.2018,07:07:46,7.1294,1.01
21.11.2018,07:08:46,7.1461,1.01
21.11.2018,07:09:46,7.1628,1.01
21.11.2018,07:10:46,7.1794,0.99
21.11.2018,07:11:46,7.1961,0.96
21.11.2018,07:12:46,7.2128,0.93
21.11.2018,07:13:46,7.2294,0.87
21.11.2018,07:14:46,7.2461,0.86
21.11.2018,07:15:46,7.2628,0.81
21.11.2018,07:16:46,7.2794,0.79
21.11.2018,07:17:46,7.2961,0.76
21.11.2018,07:18:46,7.3128,0.74
21.11.2018,07:19:46,7.3294,0.71
21.11.2018,07:20:46,7.3461,0.67
21.11.2018,07:21:46,7.3628,0.65
21.11.2018,07:22:46,7.3794,0.61
21.11.2018,07:23:46,7.3961,0.57
21.11.2018,07:24:46,7.4128,0.52
21.11.2018,07:25:46,7.4294,0.48
21.11.2018,07:26:46,7.4461,0.45
21.11.2018,07:27:46,7.4628,0.41
21.11.2018,07:28:46,7.4794,0.39
21.11.2018,07:29:46,7.4961,0.34
21.11.2018,07:30:46,7.5128,0.31
21.11.2018,07:31:46,7.5294,0.27
21.11.2018,07:32:46,7.5461,0.24
21.11.2018,07:33:46,7.5628,0.23
21.11.2018,07:34:46,7.5794,0.24
21.11.2018,07:35:46,7.5961,0.27
21.11.2018,07:36:46,7.6128,0.3
21.11.2018,07:37:46,7.6294,0.32
21.11.2018,07:38:46,7.6461,0.33
21.11.2018,07:39:46,7.6628,0.32
21.11.2018,07:40:46,7.6794,0.33
21.11.2018,07:41:46,7.6961,0.31
21.11.2018,07:42:46,7.7128,0.29
21.11.2018,07:43:46,7.7294,0.28
21.11.2018,07:44:46,7.7461,0.26
21.11.2018,07:45:46,7.7628,0.34
21.11.2018,07:46:46,7.7794,0.47
21.11.2018,07:47:46,7.7961,0.56
21.11.2018,07:48:46,7.8128,0.71
21.11.2018,07:49:46,7.8294,0.75
21.11.2018,07:50:46,7.8461,0.72
21.11.2018,07:51:46,7.8628,0.69
21.11.2018,07:52:46,7.8794,0.7
21.11.2018,07:53:46,7.8961,0.75
21.11.2018,07:54:46,7.9128,0.71
21.11.2018,07:55:46,7.9294,0.67
21.11.2018,07:56:46,7.9461,0.62
21.11.2018,07:57:46,7.9628,0.56
21.11.2018,07:58:46,7.9794,0.6
21.11.2018,07:59:46,7.9961,0.63
21.11.2018,08:00:46,8.0128,0.6
21.11.2018,08:01:46,8.0294,0.57
21.11.2018,08:02:46,8.0461,0.55
21.11.2018,08:03:46,8.0628,0.54
21.11.2018,08:04:46,8.0794,0.51
21.11.2018,08:05:46,8.0961,0.48
21.11.2018,08:06:46,8.1128,0.49
21.11.2018,08:07:46,8.1294,0.49
21.11.2018,08:08:46,8.1461,0.5
21.11.2018,08:09:46,8.1628,0.51
21.11.2018,08:10:46,8.1794,0.5
21.11.2018,08:11:46,8.1961,0.63
21.11.2018,08:12:46,8.2128,0.7
21.11.2018,08:13:46,8.2294,0.68
21.11.2018,08:14:46,8.2461,0.73
21.11.2018,08:15:46,8.2628,0.71
21.11.2018,08:16:46,8.2794,0.82
21.11.2018,08:17:46,8.2961,0.85
21.11.2018,08:18:46,8.3128,0.92
21.11.2018,08:19:46,8.3294,0.95
21.11.2018,08:20:46,8.3461,0.98
21.11.2018,08:21:46,8.3628,1.03
21.11.2018,08:22:46,8.3794,1.04
21.11.2018,08:23:46,8.3961,1.03
21.11.2018,08:24:46,8.4128,1.05
21.11.2018,08:25:46,8.4294,1.06
21.11.2018,08:26:46,8.4461,0.98
21.11.2018,08:27:46,8.4628,0.93
21.11.2018,08:28:46,8.4794,0.89
21.11.2018,08:29:46,8.4961,0.86
21.11.2018,08:30:46,8.5128,0.85
21.11.2018,08:31:46,8.5294,0.82
21.11.2018,08:32:46,8.5461,0.79
21.11.2018,08:33:46,8.5628,0.79
21.11.2018,08:34:46,8.5794,0.8
21.11.2018,08:35:46,8.5961,0.87
21.11.2018,08:36:46,8.6128,0.89
21.11.2018,08:37:46,8.6294,0.86
21.11.2018,08:38:46,8.6461,0.9
21.11.2018,08:39:46,8.6628,0.9
21.11.2018,08:40:46,8.6794,0.9
21.11.2018,08:41:46,8.6961,0.87
21.11.2018,08:42:46,8.7128,0.83
21.11.2018,08:43:46,8.7294,0.81
21.11.2018,08:44:46,8.7461,0.81
21.11.2018,08:45:46,8.7628,0.8
21.11.2018,08:46:46,8.7794,0.79
21.11.2018,08:47:46,8.7961,0.81
21.11.2018,08:48:46,8.8128,0.82
21.11.2018,08:49:46,8.8294,0.82
21.11.2018,08:50:46,8.8461,0.79
21.11.2018,08:51:46,8.8628,0.78
21.11.2018,08:52:46,8.8794,0.81
21.11.2018,08:53:46,8.8961,0.85
21.11.2018,08:54:46,8.9128,0.91
21.11.2018,08:55:46,8.9294,0.95
21.11.2018,08:56:46,8.9461,0.95
21.11.2018,08:57:46,8.9628,1.01
21.11.2018,08:58:46,8.9794,1.11
21.11.2018,08:59:46,8.9961,1.11
21.11.2018,09:00:46,9.0128,1.04
21.11.2018,09:01:46,9.0294,1.01
21.11.2018,09:02:46,9.0461,0.92
21.11.2018,09:03:46,9.0628,0.99
21.11.2018,09:04:46,9.0794,0.9
21.11.2018,09:05:46,9.0961,0.94
21.11.2018,09:06:46,9.1128,0.95
21.11.2018,09:07:46,9.1294,0.91
21.11.2018,09:08:46,9.1461,0.99
21.11.2018,09:09:46,9.1628,1.06
21.11.2018,09:10:46,9.1794,1.08
21.11.2018,09:11:46,9.1961,1.1
21.11.2018,09:12:46,9.2128,1.05
21.11.2018,09:13:46,9.2294,1.07
21.11.2018,09:14:46,9.2461,1.11
21.11.2018,09:15:46,9.2628,1.12
21.11.2018,09:16:46,9.2794,1.25
21.11.2018,09:17:46,9.2961,1.23
21.11.2018,09:18:46,9.3128,1.37
21.11.2018,09:19:46,9.3294,1.49
21.11.2018,09:20:46,9.3461,1.56
21.11.2018,09:21:46,9.3628,1.52
21.11.2018,09:22:46,9.3794,1.48
21.11.2018,09:23:46,9.3961,1.47
21.11.2018,09:24:46,9.4128,1.47
21.11.2018,09:25:46,9.4294,1.38
21.11.2018,09:26:46,9.4461,1.31
21.11.2018,09:27:46,9.4628,1.33
21.11.2018,09:28:46,9.4794,1.33
21.11.2018,09:29:46,9.4961,1.32
21.11.2018,09:30:46,9.5128,1.29
21.11.2018,09:31:46,9.5294,1.31
21.11.2018,09:32:46,9.5461,1.33
21.11.2018,09:33:46,9.5628,1.32
21.11.2018,09:34:46,9.5794,1.34
21.11.2018,09:35:46,9.5961,1.39
21.11.2018,09:36:46,9.6128,1.38
21.11.2018,09:37:46,9.6294,1.41
21.11.2018,09:38:46,9.6461,1.39
21.11.2018,09:39:46,9.6628,1.37
21.11.2018,09:40:46,9.6794,1.37
21.11.2018,09:41:46,9.6961,1.3
21.11.2018,09:42:46,9.7128,1.27
21.11.2018,09:43:46,9.7294,1.25
21.11.2018,09:44:46,9.7461,1.27
21.11.2018,09:45:46,9.7628,1.29
21.11.2018,09:46:46,9.7794,1.27
21.11.2018,09:47:46,9.7961,1.25
21.11.2018,09:48:46,9.8128,1.34
21.11.2018,09:49:46,9.8294,1.38
21.11.2018,09:50:46,9.8461,1.43
21.11.2018,09:51:46,9.8628,1.43
21.11.2018,09:52:46,9.8794,1.49
21.11.2018,09:53:46,9.8961,1.53
21.11.2018,09:54:46,9.9128,1.45
21.11.2018,09:55:46,9.9294,1.51
21.11.2018,09:56:46,9.9461,1.58
21.11.2018,09:57:46,9.9628,1.7
21.11.2018,09:58:46,9.9794,1.74
21.11.2018,09:59:46,9.9961,1.77
21.11.2018,10:00:46,10.0128,1.89
21.11.2018,10:01:46,10.0294,2.02
21.11.2018,10:02:46,10.0461,2.18
21.11.2018,10:03:46,10.0628,2.17
21.11.2018,10:04:46,10.0794,2.3
21.11.2018,10:05:46,10.0961,2.4
21.11.2018,10:06:46,10.1128,2.53
21.11.2018,10:07:46,10.1294,2.55
21.11.2018,10:08:46,10.1461,2.56
21.11.2018,10:09:46,10.1628,2.61
21.11.2018,10:10:46,10.1794,2.52
21.11.2018,10:11:46,10.1961,2.37
21.11.2018,10:12:46,10.2128,2.34
21.11.2018,10:13:46,10.2294,2.31
21.11.2018,10:14:46,10.2461,2.35
21.11.2018,10:15:46,10.2628,2.37
21.11.2018,10:16:46,10.2794,2.33
21.11.2018,10:17:46,10.2961,2.21
21.11.2018,10:18:46,10.3128,2.22
21.11.2018,10:19:46,10.3294,2.13
21.11.2018,10:20:46,10.3461,2.07
21.11.2018,10:21:46,10.3628,2.1
21.11.2018,10:22:46,10.3794,2.06
21.11.2018,10:23:46,10.3961,2.02
21.11.2018,10:24:46,10.4128,1.95
21.11.2018,10:25:46,10.4294,1.94
21.11.2018,10:26:46,10.4461,1.95
21.11.2018,10:27:46,10.4628,1.96
21.11.2018,10:28:46,10.4794,1.92
21.11.2018,10:29:46,10.4961,1.97
21.11.2018,10:30:46,10.5128,2.05
21.11.2018,10:31:46,10.5294,2.08
21.11.2018,10:32:46,10.5461,2.06
21.11.2018,10:33:46,10.5628,2.09
21.11.2018,10:34:46,10.5794,2.17
21.11.2018,10:35:46,10.5961,2.31
21.11.2018,10:36:46,10.6128,2.46
21.11.2018,10:37:46,10.6294,2.49
21.11.2018,10:38:46,10.6461,2.53
21.11.2018,10:39:46,10.6628,2.64
21.11.2018,10:40:46,10.6794,2.5
21.11.2018,10:41:46,10.6961,2.41
21.11.2018,10:42:46,10.7128,2.45
21.11.2018,10:43:46,10.7294,2.55
21.11.2018,10:44:46,10.7461,2.64
21.11.2018,10:45:46,10.7628,2.65
21.11.2018,10:46:46,10.7794,2.69
21.11.2018,10:47:46,10.7961,2.65
21.11.2018,10:48:46,10.8128,2.67
21.11.2018,10:49:46,10.8294,2.76
21.11.2018,10:50:46,10.8461,2.81
21.11.2018,10:51:46,10.8628,2.96
21.11.2018,10:52:46,10.8794,2.94
21.11.2018,10:53:46,10.8961,2.85
21.11.2018,10:54:46,10.9128,2.9
21.11.2018,10:55:46,10.9294,3.
21.11.2018,10:56:46,10.9461,3.04
21.11.2018,10:57:46,10.9628,2.96
21.11.2018,10:58:46,10.9794,2.93
21.11.2018,10:59:46,10.9961,2.95
21.11.2018,11:00:46,11.0128,2.96
21.11.2018,11:01:46,11.0294,3.
21.11.2018,11:02:46,11.0461,3.04
21.11.2018,11:03:46,11.0628,2.93
21.11.2018,11:04:46,11.0794,3.
21.11.2018,11:05:46,11.0961,2.96
21.11.2018,11:06:46,11.1128,2.97
21.11.2018,11:07:46,11.1294,3.03
21.11.2018,11:08:46,11.1461,3.07
21.11.2018,11:09:46,11.1628,3.32
21.11.2018,11:10:46,11.1794,3.39
21.11.2018,11:11:46,11.1961,3.42
21.11.2018,11:12:46,11.2128,3.51
21.11.2018,11:13:46,11.2294,3.47
21.11.2018,11:14:46,11.2461,3.38
21.11.2018,11:15:46,11.2628,3.41
21.11.2018,11:16:46,11.2794,3.44
21.11.2018,11:17:46,11.2961,3.6
21.11.2018,11:18:46,11.3128,3.62
21.11.2018,11:19:46,11.3294,3.61
21.11.2018,11:20:46,11.3461,3.64
21.11.2018,11:21:46,11.3628,3.62
21.11.2018,11:22:46,11.3794,3.67
21.11.2018,11:23:46,11.3961,3.77
21.11.2018,11:24:46,11.4128,3.82
21.11.2018,11:25:46,11.4294,3.88
21.11.2018,11:26:46,11.4461,3.87
21.11.2018,11:27:46,11.4628,3.84
21.11.2018,11:28:46,11.4794,3.76
21.11.2018,11:29:46,11.4961,3.76
21.11.2018,11:30:46,11.5128,3.76
21.11.2018,11:31:46,11.5294,3.7
21.11.2018,11:32:46,11.5461,3.72
21.11.2018,11:33:46,11.5628,3.74
21.11.2018,11:34:46,11.5794,3.69
21.11.2018,11:35:46,11.5961,3.68
21.11.2018,11:36:46,11.6128,3.72
21.11.2018,11:37:46,11.6294,3.77
21.11.2018,11:38:46,11.6461,3.79
21.11.2018,11:39:46,11.6628,3.8
21.11.2018,11:40:46,11.6794,3.8
21.11.2018,11:41:46,11.6961,3.76
21.11.2018,11:42:46,11.7128,3.68
21.11.2018,11:43:46,11.7294,3.7
21.11.2018,11:44:46,11.7461,3.73
21.11.2018,11:45:46,11.7628,3.73
21.11.2018,11:46:46,11.7794,3.8
21.11.2018,11:47:46,11.7961,3.89
21.11.2018,11:48:46,11.8128,3.95
21.11.2018,11:49:46,11.8294,3.87
21.11.2018,11:50:46,11.8461,3.85
21.11.2018,11:51:46,11.8628,3.92
21.11.2018,11:52:46,11.8794,3.99
21.11.2018,11:53:46,11.8961,4.04
21.11.2018,11:54:46,11.9128,4.13
21.11.2018,11:55:46,11.9294,4.21
21.11.2018,11:56:46,11.9461,4.29
21.11.2018,11:57:46,11.9628,4.35
21.11.2018,11:58:46,11.9794,4.38
21.11.2018,11:59:46,11.9961,4.46
21.11.2018,12:00:46,12.0128,4.54
21.11.2018,12:01:46,12.0294,4.54
21.11.2018,12:02:46,12.0461,4.56
21.11.2018,12:03:46,12.0628,4.63
21.11.2018,12:04:46,12.0794,4.6
21.11.2018,12:05:46,12.0961,4.66
21.11.2018,12:06:46,12.1128,4.63
21.11.2018,12:07:46,12.1294,4.77
21.11.2018,12:08:46,12.1461,4.9
21.11.2018,12:09:46,12.1628,4.93
21.11.2018,12:10:46,12.1794,5.04
21.11.2018,12:11:46,12.1961,5.05
21.11.2018,12:12:46,12.2128,5.07
21.11.2018,12:13:46,12.2294,5.08
21.11.2018,12:14:46,12.2461,5.1
21.11.2018,12:15:46,12.2628,5.03
21.11.2018,12:16:46,12.2794,5.04
21.11.2018,12:17:46,12.2961,5.18
21.11.2018,12:18:46,12.3128,5.24
21.11.2018,12:19:46,12.3294,5.12
21.11.2018,12:20:46,12.3461,5.18
21.11.2018,12:21:46,12.3628,5.31
21.11.2018,12:22:46,12.3794,5.41
21.11.2018,12:23:46,12.3961,5.53
21.11.2018,12:24:46,12.4128,5.54
21.11.2018,12:25:46,12.4294,5.57
21.11.2018,12:26:46,12.4461,5.61
21.11.2018,12:27:46,12.4628,5.67
21.11.2018,12:28:46,12.4794,5.49
21.11.2018,12:29:46,12.4961,5.61
21.11.2018,12:30:46,12.5128,5.66
21.11.2018,12:31:46,12.5294,5.77
21.11.2018,12:32:46,12.5461,5.82
21.11.2018,12:33:46,12.5628,5.81
21.11.2018,12:34:46,12.5794,5.65
21.11.2018,12:35:46,12.5961,5.61
21.11.2018,12:36:46,12.6128,5.51
21.11.2018,12:37:46,12.6294,5.43
21.11.2018,12:38:46,12.6461,5.51
21.11.2018,12:39:46,12.6628,5.56
21.11.2018,12:40:46,12.6794,5.6
21.11.2018,12:41:46,12.6961,5.61
21.11.2018,12:42:46,12.7128,5.44
21.11.2018,12:43:46,12.7294,5.45
21.11.2018,12:44:46,12.7461,5.53
21.11.2018,12:45:46,12.7628,5.65
21.11.2018,12:46:46,12.7794,5.73
21.11.2018,12:47:46,12.7961,5.99
21.11.2018,12:48:46,12.8128,6.13
21.11.2018,12:49:46,12.8294,6.13
21.11.2018,12:50:46,12.8461,6.06
21.11.2018,12:51:46,12.8628,5.88
21.11.2018,12:52:46,12.8794,5.69
21.11.2018,12:53:46,12.8961,5.68
21.11.2018,12:54:46,12.9128,5.63
21.11.2018,12:55:46,12.9294,5.46
21.11.2018,12:56:46,12.9461,5.61
21.11.2018,12:57:46,12.9628,5.77
21.11.2018,12:58:46,12.9794,5.82
21.11.2018,12:59:46,12.9961,5.94
21.11.2018,13:00:46,13.0128,5.87
21.11.2018,13:01:46,13.0294,5.75
21.11.2018,13:02:46,13.0461,5.67
21.11.2018,13:03:46,13.0628,5.61
21.11.2018,13:04:46,13.0794,5.64
21.11.2018,13:05:46,13.0961,5.64
21.11.2018,13:06:46,13.1128,5.68
21.11.2018,13:07:46,13.1294,5.64
21.11.2018,13:08:46,13.1461,5.62
21.11.2018,13:09:46,13.1628,5.72
21.11.2018,13:10:46,13.1794,5.92
21.11.2018,13:11:46,13.1961,6.06
21.11.2018,13:12:46,13.2128,6.03
21.11.2018,13:13:46,13.2294,5.96
21.11.2018,13:14:46,13.2461,5.9
21.11.2018,13:15:46,13.2628,5.82
21.11.2018,13:16:46,13.2794,5.77
21.11.2018,13:17:46,13.2961,5.86
21.11.2018,13:18:46,13.3128,5.91
21.11.2018,13:19:46,13.3294,5.99
21.11.2018,13:20:46,13.3461,6.1
21.11.2018,13:21:46,13.3628,6.
21.11.2018,13:22:46,13.3794,5.91
21.11.2018,13:23:46,13.3961,5.89
21.11.2018,13:24:46,13.4128,5.89
21.11.2018,13:25:46,13.4294,6.01
21.11.2018,13:26:46,13.4461,6.03
21.11.2018,13:27:46,13.4628,6.03
21.11.2018,13:28:46,13.4794,6.01
21.11.2018,13:29:46,13.4961,6.05
21.11.2018,13:30:46,13.5128,6.09
21.11.2018,13:31:46,13.5294,6.04
21.11.2018,13:32:46,13.5461,6.11
21.11.2018,13:33:46,13.5628,6.14
21.11.2018,13:34:46,13.5794,6.18
21.11.2018,13:35:46,13.5961,6.14
21.11.2018,13:36:46,13.6128,6.17
21.11.2018,13:37:46,13.6294,6.18
21.11.2018,13:38:46,13.6461,6.17
21.11.2018,13:39:46,13.6628,6.22
21.11.2018,13:40:46,13.6794,6.26
21.11.2018,13:41:46,13.6961,6.24
21.11.2018,13:42:46,13.7128,6.23
21.11.2018,13:43:46,13.7294,6.23
21.11.2018,13:44:46,13.7461,6.28
21.11.2018,13:45:46,13.7628,6.25
21.11.2018,13:46:46,13.7794,6.25
21.11.2018,13:47:46,13.7961,6.39
21.11.2018,13:48:46,13.8128,6.48
21.11.2018,13:49:46,13.8294,6.44
21.11.2018,13:50:46,13.8461,6.47
21.11.2018,13:51:46,13.8628,6.54
21.11.2018,13:52:46,13.8794,6.43
21.11.2018,13:53:46,13.8961,6.41
21.11.2018,13:54:46,13.9128,6.53
21.11.2018,13:55:46,13.9294,6.58
21.11.2018,13:56:46,13.9461,6.5
21.11.2018,13:57:46,13.9628,6.55
21.11.2018,13:58:46,13.9794,6.6
21.11.2018,13:59:46,13.9961,6.52
21.11.2018,14:00:46,14.0128,6.47
21.11.2018,14:01:46,14.0294,6.5
21.11.2018,14:02:46,14.0461,6.48
21.11.2018,14:03:46,14.0628,6.52
21.11.2018,14:04:46,14.0794,6.49
21.11.2018,14:05:46,14.0961,6.4
21.11.2018,14:06:46,14.1128,6.44
21.11.2018,14:07:46,14.1294,6.47
21.11.2018,14:08:46,14.1461,6.47
21.11.2018,14:09:46,14.1628,6.52
21.11.2018,14:10:46,14.1794,6.59
21.11.2018,14:11:46,14.1961,6.65
21.11.2018,14:12:46,14.2128,6.75
21.11.2018,14:13:46,14.2294,6.76
21.11.2018,14:14:46,14.2461,6.68
21.11.2018,14:15:46,14.2628,6.67
21.11.2018,14:16:46,14.2794,6.7
21.11.2018,14:17:46,14.2961,6.76
21.11.2018,14:18:46,14.3128,6.87
21.11.2018,14:19:46,14.3294,6.94
21.11.2018,14:20:46,14.3461,6.87
21.11.2018,14:21:46,14.3628,6.69
21.11.2018,14:22:46,14.3794,6.6
21.11.2018,14:23:46,14.3961,6.43
21.11.2018,14:24:46,14.4128,6.33
21.11.2018,14:25:46,14.4294,6.44
21.11.2018,14:26:46,14.4461,6.57
21.11.2018,14:27:46,14.4628,6.57
21.11.2018,14:28:46,14.4794,6.39
21.11.2018,14:29:46,14.4961,6.25
21.11.2018,14:30:46,14.5128,6.14
21.11.2018,14:31:46,14.5294,6.06
21.11.2018,14:32:46,14.5461,6.08
21.11.2018,14:33:46,14.5628,6.09
21.11.2018,14:34:46,14.5794,6.13
21.11.2018,14:35:46,14.5961,6.21
21.11.2018,14:36:46,14.6128,6.21
21.11.2018,14:37:46,14.6294,6.15
21.11.2018,14:38:46,14.6461,6.15
21.11.2018,14:39:46,14.6628,6.16
21.11.2018,14:40:46,14.6794,6.17
21.11.2018,14:41:46,14.6961,6.13
21.11.2018,14:42:46,14.7128,6.14
21.11.2018,14:43:46,14.7294,6.14
21.11.2018,14:44:46,14.7461,6.12
21.11.2018,14:45:46,14.7628,6.05
21.11.2018,14:46:46,14.7794,6.01
21.11.2018,14:47:46,14.7961,6.
21.11.2018,14:48:46,14.8128,5.97
21.11.2018,14:49:46,14.8294,5.94
21.11.2018,14:50:46,14.8461,6.01
21.11.2018,14:51:46,14.8628,6.01
21.11.2018,14:52:46,14.8794,5.97
21.11.2018,14:53:46,14.8961,5.9
21.11.2018,14:54:46,14.9128,5.93
21.11.2018,14:55:46,14.9294,5.96
21.11.2018,14:56:46,14.9461,5.91
21.11.2018,14:57:46,14.9628,5.86
